Tests run on Wed Jun 24 15:56:39 2015

    Example tests [example-test.cpp:38]
    ===================================
      Test description
      : int t=1
      More description
    ok: 1 != 0
    ok: 1 != 0
    ok: 1 == 1
    ok: 1 == 1

    Test another feature [example-test.cpp:54]
    ==========================================
    ok: 1==1

    Another test [example-test.cpp:61]
    ==================================
    ok: 1==1

    Another test 2 [example-test.cpp:67]
    ====================================
    ok: 1==1

    Fixed size log tests [clunit-test.cpp:40]
    =========================================
    ok: log.size() == 0
    ok: log.empty()
    ok: log.size() == 1
    ok: ! log.empty()
    ok: log.get() == SIXTEEN_CHAR_STRING
    ok: log.size() == 2
    ok: log.get() == SIXTEEN_CHAR_STRING EIGHT_CHAR_STRING
    ok: log.size() == 3
    ok: log.get() == SIXTEEN_CHAR_STRING EIGHT_CHAR_STRING
    ok: log.size() == 4
    ok: log.get() == SIXTEEN_CHAR_STRING EIGHT_CHAR_STRING

    todo tests [clunit-test.cpp:75]
    ===============================

    Test tests [clunit-test.cpp:89]
    ===============================
      Test description
      : int t=1
    ok: 1 != 0
    ok: 1 == 1

    First feature [clunit-test.cpp:101]
    ===================================
    ok: 1 != 0

    Second feature [clunit-test.cpp:106]
    ====================================
    ok: 1 != 0

    TCALL [clunit-test.cpp:116]
    ===========================
      Calling: func( 12, "y", "y" ) (118)
    ok: strcmp( p_left, p_right ) == 0


TODOs (12):
------------------------
- Need todo this [example-test.cpp:43]
- [2] Need todo this [example-test.cpp:44]
- t == b (passing) [example-test.cpp:45]
- [2] t == b (passing) [example-test.cpp:46]
- Feature Todo [example-test.cpp:71]
- [2] Feature N Todo [example-test.cpp:73]
- Master line counting [clunit-test.cpp:77]
- 1 == 0 (failing) [clunit-test.cpp:78]
- Another test [clunit-test.cpp:79]
- [2] 1 == 0 (failing) [clunit-test.cpp:80]
- Feature Todo [clunit-test.cpp:121]
- [2] Feature N Todo [clunit-test.cpp:123]

0 error(s), 12 todo(s), 23 test(s)
